<?xml version="1.0" encoding="UTF-8"?>
<!-- Generated by org.testng.reporters.JUnitXMLReporter -->
<testsuite hostname="Dell" ignored="0" name="Default test" tests="7" failures="0" timestamp="04 Jan 2020 15:11:02 GMT" time="0.267" errors="0">
  <testcase name="b_method" time="0.015" classname="TstngPackage.testngDemo2"/>
  <testcase name="c_method" time="0.016" classname="TstngPackage.testngDemo2"/>
  <testcase name="e_method" time="0.016" classname="TstngPackage.testngDemo2"/>
  <testcase name="fnDemo3" time="0.016" classname="TstngPackage.testngDemo2"/>
  <testcase name="fnDemo4" time="0.015" classname="TstngPackage.testngDemo2"/>
  <testcase name="a_method" time="0.016" classname="TstngPackage.testngDemo2"/>
  <testcase name="d_method" time="0.0" classname="TstngPackage.testngDemo2"/>
</testsuite> <!-- Default test -->
