<?xml version="1.0" encoding="UTF-8"?>
<!-- Generated by org.testng.reporters.JUnitXMLReporter -->
<testsuite hostname="Dell" ignored="6" name="Personal Loan" tests="3" failures="0" timestamp="21 Jan 2020 14:58:34 GMT" time="0.225" errors="0">
  <testcase name="faDemwo" time="0.016" classname="TstngPackage.testngDemo1"/>
  <testcase name="fnDemo" time="0.009" classname="TstngPackage.testngDemo1"/>
  <testcase name="fnDemo4" time="0.009" classname="TstngPackage.testngDemo2"/>
  <testcase name="a_method" time="0.0" classname="TstngPackage.testngDemo2">
    <ignored/>
  </testcase> <!-- a_method -->
  <testcase name="d_method" time="0.0" classname="TstngPackage.testngDemo2">
    <ignored/>
  </testcase> <!-- d_method -->
  <testcase name="c_method" time="0.0" classname="TstngPackage.testngDemo2">
    <ignored/>
  </testcase> <!-- c_method -->
  <testcase name="fnDemo3" time="0.0" classname="TstngPackage.testngDemo2">
    <ignored/>
  </testcase> <!-- fnDemo3 -->
  <testcase name="e_method" time="0.0" classname="TstngPackage.testngDemo2">
    <ignored/>
  </testcase> <!-- e_method -->
  <testcase name="b_method" time="0.0" classname="TstngPackage.testngDemo2">
    <ignored/>
  </testcase> <!-- b_method -->
</testsuite> <!-- Personal Loan -->
